<?xml version="1.0" encoding="UTF-8"?>
<!-- Generated by org.testng.reporters.JUnitReportReporter -->
<testsuite hostname="Ahmeds-MacBook-Pro.local" failures="0" tests="8" name="contracts.FixedRate" time="23.861" errors="0" timestamp="2022-03-10T05:40:55 EET" skipped="0">
  <testcase classname="contracts.FixedRate" name="login" time="14.496"/>
  <system-out/>
  <testcase classname="contracts.FixedRate" name="goToCreate" time="0.601"/>
  <system-out/>
  <testcase classname="contracts.FixedRate" name="goToFixedTerm" time="1.369"/>
  <system-out/>
  <testcase classname="contracts.FixedRate" name="fillTheFirstPage" time="3.053"/>
  <system-out/>
  <testcase classname="contracts.FixedRate" name="fillPayPage" time="1.607"/>
  <system-out/>
  <testcase classname="contracts.FixedRate" name="firstPaymentPage" time="0.289"/>
  <system-out/>
  <testcase classname="contracts.FixedRate" name="addSpecialClause" time="0.637"/>
  <system-out/>
  <testcase classname="contracts.FixedRate" name="createContract" time="1.809"/>
  <system-out/>
</testsuite> <!-- contracts.FixedRate -->
