<?xml version="1.0" encoding="UTF-8"?>
<!-- Generated by org.testng.reporters.JUnitReportReporter -->
<testsuite hostname="Ahmeds-MacBook-Pro.local" failures="0" tests="8" name="contracts.PayAsYouGo" time="21.839" errors="0" timestamp="2022-03-10T05:40:55 EET" skipped="0">
  <testcase classname="contracts.PayAsYouGo" name="login" time="10.840"/>
  <system-out/>
  <testcase classname="contracts.PayAsYouGo" name="goToCreate" time="0.672"/>
  <system-out/>
  <testcase classname="contracts.PayAsYouGo" name="selectContractType" time="1.088"/>
  <system-out/>
  <testcase classname="contracts.PayAsYouGo" name="fillTheFirstPage" time="3.365"/>
  <system-out/>
  <testcase classname="contracts.PayAsYouGo" name="fillPayPage" time="2.044"/>
  <system-out/>
  <testcase classname="contracts.PayAsYouGo" name="firstPaymentPage" time="0.314"/>
  <system-out/>
  <testcase classname="contracts.PayAsYouGo" name="addSpecialClause" time="0.654"/>
  <system-out/>
  <testcase classname="contracts.PayAsYouGo" name="createContract" time="2.862"/>
  <system-out/>
</testsuite> <!-- contracts.PayAsYouGo -->
