<?xml version="1.0" encoding="UTF-8"?>
<!-- Generated by org.testng.reporters.JUnitReportReporter -->
<testsuite hostname="Ahmeds-MacBook-Pro.local" failures="0" tests="8" name="contracts.PayAsYouGo" time="23.600" errors="0" timestamp="2022-03-10T05:54:22 EET" skipped="0">
  <testcase classname="contracts.PayAsYouGo" name="login" time="13.216"/>
  <system-out/>
  <testcase classname="contracts.PayAsYouGo" name="goToCreate" time="1.283"/>
  <system-out/>
  <testcase classname="contracts.PayAsYouGo" name="selectContractType" time="1.404"/>
  <system-out/>
  <testcase classname="contracts.PayAsYouGo" name="fillTheFirstPage" time="2.912"/>
  <system-out/>
  <testcase classname="contracts.PayAsYouGo" name="fillPayPage" time="1.942"/>
  <system-out/>
  <testcase classname="contracts.PayAsYouGo" name="firstPaymentPage" time="0.353"/>
  <system-out/>
  <testcase classname="contracts.PayAsYouGo" name="addSpecialClause" time="0.649"/>
  <system-out/>
  <testcase classname="contracts.PayAsYouGo" name="createContract" time="1.841"/>
  <system-out/>
</testsuite> <!-- contracts.PayAsYouGo -->
