<?xml version="1.0" encoding="UTF-8"?>
<!-- Generated by org.testng.reporters.JUnitReportReporter -->
<testsuite hostname="Ahmeds-MacBook-Pro.local" failures="0" tests="8" name="contracts.FixedRateTest" time="28.724" errors="0" timestamp="2022-03-10T19:56:33 EET" skipped="0">
  <testcase classname="contracts.FixedRateTest" name="login" time="18.178"/>
  <system-out/>
  <testcase classname="contracts.FixedRateTest" name="goToCreate" time="1.289"/>
  <system-out/>
  <testcase classname="contracts.FixedRateTest" name="goToFixedTerm" time="0.990"/>
  <system-out/>
  <testcase classname="contracts.FixedRateTest" name="fillTheFirstPage" time="3.332"/>
  <system-out/>
  <testcase classname="contracts.FixedRateTest" name="fillPayPage" time="1.589"/>
  <system-out/>
  <testcase classname="contracts.FixedRateTest" name="firstPaymentPage" time="0.293"/>
  <system-out/>
  <testcase classname="contracts.FixedRateTest" name="addSpecialClause" time="0.667"/>
  <system-out/>
  <testcase classname="contracts.FixedRateTest" name="createContract" time="2.386"/>
  <system-out/>
</testsuite> <!-- contracts.FixedRateTest -->
