<?xml version="1.0" encoding="UTF-8"?>
<!-- Generated by org.testng.reporters.JUnitReportReporter -->
<testsuite hostname="Ahmeds-MacBook-Pro.local" failures="0" tests="7" name="contracts.MilestoneTest" time="26.368" errors="0" timestamp="2022-03-10T19:56:33 EET" skipped="0">
  <testcase classname="contracts.MilestoneTest" name="login" time="18.054"/>
  <system-out/>
  <testcase classname="contracts.MilestoneTest" name="goToCreate" time="0.851"/>
  <system-out/>
  <testcase classname="contracts.MilestoneTest" name="selectContractType" time="0.428"/>
  <system-out/>
  <testcase classname="contracts.MilestoneTest" name="fillTheFirstPage" time="3.049"/>
  <system-out/>
  <testcase classname="contracts.MilestoneTest" name="fillTheSecondPage" time="1.267"/>
  <system-out/>
  <testcase classname="contracts.MilestoneTest" name="addSpecialClause" time="0.354"/>
  <system-out/>
  <testcase classname="contracts.MilestoneTest" name="createContract" time="2.365"/>
  <system-out/>
</testsuite> <!-- contracts.MilestoneTest -->
