<?xml version="1.0" encoding="UTF-8"?>
<!-- Generated by org.testng.reporters.JUnitReportReporter -->
<testsuite hostname="Ahmeds-MacBook-Pro.local" failures="0" tests="7" name="contracts.Milestone" time="19.146" errors="0" timestamp="2022-03-10T05:40:55 EET" skipped="0">
  <testcase classname="contracts.Milestone" name="login" time="10.841"/>
  <system-out/>
  <testcase classname="contracts.Milestone" name="goToCreate" time="0.764"/>
  <system-out/>
  <testcase classname="contracts.Milestone" name="selectContractType" time="0.548"/>
  <system-out/>
  <testcase classname="contracts.Milestone" name="fillTheFirstPage" time="3.178"/>
  <system-out/>
  <testcase classname="contracts.Milestone" name="fillTheSecondPage" time="1.047"/>
  <system-out/>
  <testcase classname="contracts.Milestone" name="addSpecialClause" time="0.337"/>
  <system-out/>
  <testcase classname="contracts.Milestone" name="createContract" time="2.431"/>
  <system-out/>
</testsuite> <!-- contracts.Milestone -->
