<?xml version="1.0" encoding="UTF-8"?>
<!-- Generated by org.testng.reporters.JUnitReportReporter -->
<testsuite hostname="Ahmeds-MacBook-Pro.local" failures="0" tests="7" name="contracts.Milestone" time="20.708" errors="0" timestamp="2022-03-10T05:54:22 EET" skipped="0">
  <testcase classname="contracts.Milestone" name="login" time="12.237"/>
  <system-out/>
  <testcase classname="contracts.Milestone" name="goToCreate" time="1.156"/>
  <system-out/>
  <testcase classname="contracts.Milestone" name="selectContractType" time="0.423"/>
  <system-out/>
  <testcase classname="contracts.Milestone" name="fillTheFirstPage" time="3.268"/>
  <system-out/>
  <testcase classname="contracts.Milestone" name="fillTheSecondPage" time="0.981"/>
  <system-out/>
  <testcase classname="contracts.Milestone" name="addSpecialClause" time="0.305"/>
  <system-out/>
  <testcase classname="contracts.Milestone" name="createContract" time="2.338"/>
  <system-out/>
</testsuite> <!-- contracts.Milestone -->
