<?xml version="1.0" encoding="UTF-8"?>
<!-- Generated by org.testng.reporters.JUnitReportReporter -->
<testsuite hostname="Ahmeds-MacBook-Pro.local" failures="0" tests="9" name="contracts.FixedRateTest" time="14.496" errors="0" timestamp="2022-03-28T19:39:17 EET" skipped="0">
  <testcase classname="contracts.FixedRateTest" name="login" time="1.745"/>
  <system-out/>
  <testcase classname="contracts.FixedRateTest" name="goToCreate" time="4.451"/>
  <system-out/>
  <testcase classname="contracts.FixedRateTest" name="goToFixedRate" time="0.325"/>
  <system-out/>
  <testcase classname="contracts.FixedRateTest" name="fillTheFirstPage" time="3.571"/>
  <system-out/>
  <testcase classname="contracts.FixedRateTest" name="fillPaymentPage" time="1.536"/>
  <system-out/>
  <testcase classname="contracts.FixedRateTest" name="skipFirstPaymentPage" time="0.349"/>
  <system-out/>
  <testcase classname="contracts.FixedRateTest" name="addSpecialClause" time="0.655"/>
  <system-out/>
  <testcase classname="contracts.FixedRateTest" name="createContract" time="0.290"/>
  <system-out/>
  <testcase classname="contracts.FixedRateTest" name="reachedContractPage" time="1.574"/>
  <system-out/>
</testsuite> <!-- contracts.FixedRateTest -->
