<?xml version="1.0" encoding="UTF-8"?>
<!-- Generated by org.testng.reporters.JUnitReportReporter -->
<testsuite hostname="Ahmeds-MacBook-Pro.local" failures="0" tests="8" name="contracts.PayAsYouGoTest" time="23.858" errors="0" timestamp="2022-03-10T19:56:33 EET" skipped="0">
  <testcase classname="contracts.PayAsYouGoTest" name="login" time="12.729"/>
  <system-out/>
  <testcase classname="contracts.PayAsYouGoTest" name="goToCreate" time="0.874"/>
  <system-out/>
  <testcase classname="contracts.PayAsYouGoTest" name="selectContractType" time="0.901"/>
  <system-out/>
  <testcase classname="contracts.PayAsYouGoTest" name="fillTheFirstPage" time="4.094"/>
  <system-out/>
  <testcase classname="contracts.PayAsYouGoTest" name="fillPayPage" time="2.224"/>
  <system-out/>
  <testcase classname="contracts.PayAsYouGoTest" name="firstPaymentPage" time="0.361"/>
  <system-out/>
  <testcase classname="contracts.PayAsYouGoTest" name="addSpecialClause" time="0.695"/>
  <system-out/>
  <testcase classname="contracts.PayAsYouGoTest" name="createContract" time="1.980"/>
  <system-out/>
</testsuite> <!-- contracts.PayAsYouGoTest -->
