<?xml version="1.0" encoding="UTF-8"?>
<!-- Generated by org.testng.reporters.JUnitReportReporter -->
<testsuite hostname="Ahmeds-MacBook-Pro.local" failures="0" tests="8" name="contracts.FixedRate" time="22.394" errors="0" timestamp="2022-03-10T05:54:22 EET" skipped="0">
  <testcase classname="contracts.FixedRate" name="login" time="12.176"/>
  <system-out/>
  <testcase classname="contracts.FixedRate" name="goToCreate" time="1.234"/>
  <system-out/>
  <testcase classname="contracts.FixedRate" name="goToFixedTerm" time="1.404"/>
  <system-out/>
  <testcase classname="contracts.FixedRate" name="fillTheFirstPage" time="3.180"/>
  <system-out/>
  <testcase classname="contracts.FixedRate" name="fillPayPage" time="1.617"/>
  <system-out/>
  <testcase classname="contracts.FixedRate" name="firstPaymentPage" time="0.305"/>
  <system-out/>
  <testcase classname="contracts.FixedRate" name="addSpecialClause" time="0.644"/>
  <system-out/>
  <testcase classname="contracts.FixedRate" name="createContract" time="1.834"/>
  <system-out/>
</testsuite> <!-- contracts.FixedRate -->
